[0.025s] Invoking command in '/ros2_ws/build/cpp_pubsub': CMAKE_PREFIX_PATH=/opt/ros/humble /usr/bin/cmake /ros2_ws/src/cpp_pubsub -DCMAKE_INSTALL_PREFIX=/ros2_ws/install/cpp_pubsub
[0.069s] -- Found ament_cmake: 1.3.14 (/opt/ros/humble/share/ament_cmake/cmake)
[0.251s] -- Found Python3: /usr/bin/python3 (found version "3.10.12") found components: Interpreter 
[0.471s] -- Found rclcpp: 16.0.19 (/opt/ros/humble/share/rclcpp/cmake)
[0.618s] -- Found rosidl_generator_c: 3.1.8 (/opt/ros/humble/share/rosidl_generator_c/cmake)
[0.634s] -- Found rosidl_adapter: 3.1.8 (/opt/ros/humble/share/rosidl_adapter/cmake)
[0.668s] -- Found rosidl_generator_cpp: 3.1.8 (/opt/ros/humble/share/rosidl_generator_cpp/cmake)
[0.712s] -- Using all available rosidl_typesupport_c: rosidl_typesupport_fastrtps_c;rosidl_typesupport_introspection_c
[0.758s] -- Using all available rosidl_typesupport_cpp: rosidl_typesupport_fastrtps_cpp;rosidl_typesupport_introspection_cpp
[0.893s] -- Found rmw_implementation_cmake: 6.1.2 (/opt/ros/humble/share/rmw_implementation_cmake/cmake)
[0.903s] -- Found rmw_fastrtps_cpp: 6.2.10 (/opt/ros/humble/share/rmw_fastrtps_cpp/cmake)
[1.117s] -- Found OpenSSL: /usr/lib/x86_64-linux-gnu/libcrypto.so (found version "3.0.2")  
[1.145s] -- Found FastRTPS: /opt/ros/humble/include  
[1.187s] -- Using RMW implementation 'rmw_fastrtps_cpp' as default
[1.214s] -- Looking for pthread.h
[1.372s] -- Looking for pthread.h - found
[1.373s] -- Performing Test CMAKE_HAVE_LIBC_PTHREAD
[1.475s] -- Performing Test CMAKE_HAVE_LIBC_PTHREAD - Success
[1.476s] -- Found Threads: TRUE  
[1.600s] -- Found ament_lint_auto: 0.12.15 (/opt/ros/humble/share/ament_lint_auto/cmake)
[1.712s] -- Added test 'cppcheck' to perform static code analysis on C / C++ code
[1.712s] -- Configured cppcheck include dirs: 
[1.712s] -- Configured cppcheck exclude dirs and/or files: 
[1.715s] -- Added test 'lint_cmake' to check CMake code style
[1.717s] -- Added test 'uncrustify' to check C / C++ code style
[1.717s] -- Configured uncrustify additional arguments: 
[1.718s] -- Added test 'xmllint' to check XML markup files
[1.722s] -- Configuring done
[1.732s] -- Generating done
[1.735s] -- Build files have been written to: /ros2_ws/build/cpp_pubsub
[1.745s] Invoked command in '/ros2_ws/build/cpp_pubsub' returned '0': CMAKE_PREFIX_PATH=/opt/ros/humble /usr/bin/cmake /ros2_ws/src/cpp_pubsub -DCMAKE_INSTALL_PREFIX=/ros2_ws/install/cpp_pubsub
[1.745s] Invoking command in '/ros2_ws/build/cpp_pubsub': CMAKE_PREFIX_PATH=/opt/ros/humble /usr/bin/cmake --build /ros2_ws/build/cpp_pubsub -- -j2 -l2
[1.813s] [ 25%] [32mBuilding CXX object CMakeFiles/listener.dir/src/subscriber_member_function.cpp.o[0m
[1.813s] [ 50%] [32mBuilding CXX object CMakeFiles/talker.dir/src/publisher_member_function.cpp.o[0m
[6.823s] [ 75%] [32m[1mLinking CXX executable talker[0m
[7.162s] [ 75%] Built target talker
[10.134s] [100%] [32m[1mLinking CXX executable listener[0m
[10.425s] [100%] Built target listener
[10.445s] Invoked command in '/ros2_ws/build/cpp_pubsub' returned '0': CMAKE_PREFIX_PATH=/opt/ros/humble /usr/bin/cmake --build /ros2_ws/build/cpp_pubsub -- -j2 -l2
[10.466s] Invoking command in '/ros2_ws/build/cpp_pubsub': CMAKE_PREFIX_PATH=/opt/ros/humble /usr/bin/cmake --install /ros2_ws/build/cpp_pubsub
[10.468s] -- Install configuration: ""
[10.468s] -- Installing: /ros2_ws/install/cpp_pubsub/share/ament_index/resource_index/package_run_dependencies/cpp_pubsub
[10.468s] -- Installing: /ros2_ws/install/cpp_pubsub/share/ament_index/resource_index/parent_prefix_path/cpp_pubsub
[10.468s] -- Installing: /ros2_ws/install/cpp_pubsub/share/cpp_pubsub/environment/ament_prefix_path.sh
[10.471s] -- Installing: /ros2_ws/install/cpp_pubsub/share/cpp_pubsub/environment/ament_prefix_path.dsv
[10.471s] -- Installing: /ros2_ws/install/cpp_pubsub/share/cpp_pubsub/environment/path.sh
[10.479s] -- Installing: /ros2_ws/install/cpp_pubsub/share/cpp_pubsub/environment/path.dsv
[10.479s] -- Installing: /ros2_ws/install/cpp_pubsub/share/cpp_pubsub/local_setup.bash
[10.479s] -- Installing: /ros2_ws/install/cpp_pubsub/share/cpp_pubsub/local_setup.sh
[10.479s] -- Installing: /ros2_ws/install/cpp_pubsub/share/cpp_pubsub/local_setup.zsh
[10.479s] -- Installing: /ros2_ws/install/cpp_pubsub/share/cpp_pubsub/local_setup.dsv
[10.479s] -- Installing: /ros2_ws/install/cpp_pubsub/share/cpp_pubsub/package.dsv
[10.479s] -- Installing: /ros2_ws/install/cpp_pubsub/share/ament_index/resource_index/packages/cpp_pubsub
[10.479s] -- Installing: /ros2_ws/install/cpp_pubsub/share/cpp_pubsub/cmake/cpp_pubsubConfig.cmake
[10.480s] -- Installing: /ros2_ws/install/cpp_pubsub/share/cpp_pubsub/cmake/cpp_pubsubConfig-version.cmake
[10.480s] -- Installing: /ros2_ws/install/cpp_pubsub/share/cpp_pubsub/package.xml
[10.480s] -- Installing: /ros2_ws/install/cpp_pubsub/lib/cpp_pubsub/talker
[10.480s] -- Set runtime path of "/ros2_ws/install/cpp_pubsub/lib/cpp_pubsub/talker" to ""
[10.481s] -- Installing: /ros2_ws/install/cpp_pubsub/lib/cpp_pubsub/listener
[10.482s] -- Set runtime path of "/ros2_ws/install/cpp_pubsub/lib/cpp_pubsub/listener" to ""
[10.482s] Invoked command in '/ros2_ws/build/cpp_pubsub' returned '0': CMAKE_PREFIX_PATH=/opt/ros/humble /usr/bin/cmake --install /ros2_ws/build/cpp_pubsub
