[0.055s] Invoking command in '/ros2_ws/build/cpp_pubsub': /usr/bin/cmake /ros2_ws/src/cpp_pubsub -DCMAKE_INSTALL_PREFIX=/ros2_ws/install/cpp_pubsub
[0.791s] -- The C compiler identification is GNU 11.4.0
[1.058s] -- The CXX compiler identification is GNU 11.4.0
[1.085s] -- Detecting C compiler ABI info
[1.218s] -- Detecting C compiler ABI info - done
[1.218s] -- Check for working C compiler: /usr/bin/cc - skipped
[1.220s] -- Detecting C compile features
[1.221s] -- Detecting C compile features - done
[1.228s] -- Detecting CXX compiler ABI info
[1.331s] -- Detecting CXX compiler ABI info - done
[1.339s] -- Check for working CXX compiler: /usr/bin/c++ - skipped
[1.339s] -- Detecting CXX compile features
[1.339s] -- Detecting CXX compile features - done
[1.368s] [31mCMake Error at CMakeLists.txt:9 (find_package):
[1.368s]   By not providing "Findament_cmake.cmake" in CMAKE_MODULE_PATH this project
[1.368s]   has asked CMake to find a package configuration file provided by
[1.368s] -- Configuring incomplete, errors occurred!
[1.368s] See also "/ros2_ws/build/cpp_pubsub/CMakeFiles/CMakeOutput.log".
[1.368s]   "ament_cmake", but CMake did not find one.
[1.368s] 
[1.369s]   Could not find a package configuration file provided by "ament_cmake" with
[1.369s]   any of the following names:
[1.369s] 
[1.369s]     ament_cmakeConfig.cmake
[1.369s]     ament_cmake-config.cmake
[1.369s] 
[1.369s]   Add the installation prefix of "ament_cmake" to CMAKE_PREFIX_PATH or set
[1.369s]   "ament_cmake_DIR" to a directory containing one of the above files.  If
[1.369s]   "ament_cmake" provides a separate development package or SDK, be sure it
[1.369s]   has been installed.
[1.369s] 
[1.369s] [0m
[1.372s] Invoked command in '/ros2_ws/build/cpp_pubsub' returned '1': /usr/bin/cmake /ros2_ws/src/cpp_pubsub -DCMAKE_INSTALL_PREFIX=/ros2_ws/install/cpp_pubsub
